


ARM Macro Assembler    Page 1 


    1 00000000         ;********************************************************
                       ************************************************
    2 00000000         ;                                                uC/CPU
    3 00000000         ;                                    CPU CONFIGURATION & 
                       PORT LAYER
    4 00000000         ;
    5 00000000         ;                          (c) Copyright 2004-2013; Micri
                       um, Inc.; Weston, FL
    6 00000000         ;
    7 00000000         ;               All rights reserved.  Protected by intern
                       ational copyright laws.
    8 00000000         ;
    9 00000000         ;               uC/CPU is provided in source form to regi
                       stered licensees ONLY.  It is 
   10 00000000         ;               illegal to distribute this source code to
                        any third party unless you receive 
   11 00000000         ;               written permission by an authorized Micri
                       um representative.  Knowledge of 
   12 00000000         ;               the source code may NOT be used to develo
                       p a similar product.
   13 00000000         ;
   14 00000000         ;               Please help us continue to provide the Em
                       bedded community with the finest 
   15 00000000         ;               software available.  Your honesty is grea
                       tly appreciated.
   16 00000000         ;
   17 00000000         ;               You can contact us at www.micrium.com.
   18 00000000         ;********************************************************
                       ************************************************
   19 00000000         
   20 00000000         ;********************************************************
                       ************************************************
   21 00000000         ;
   22 00000000         ;                                            CPU PORT FIL
                       E
   23 00000000         ;
   24 00000000         ;                                            ARM-Cortex-M
                       4
   25 00000000         ;                                      RealView Developme
                       nt Suite
   26 00000000         ;                            RealView Microcontroller Dev
                       elopment Kit (MDK)
   27 00000000         ;                                       ARM Developer Sui
                       te (ADS)
   28 00000000         ;                                            Keil uVision
                       
   29 00000000         ;
   30 00000000         ; Filename      : cpu_a.asm
   31 00000000         ; Version       : V1.29.02.00
   32 00000000         ; Programmer(s) : JJL
   33 00000000         ;********************************************************
                       ************************************************
   34 00000000         
   35 00000000         
   36 00000000         ;********************************************************
                       ************************************************
   37 00000000         ;                                           PUBLIC FUNCTI
                       ONS
   38 00000000         ;********************************************************



ARM Macro Assembler    Page 2 


                       ************************************************
   39 00000000         
   40 00000000                 EXPORT           CPU_IntDis
   41 00000000                 EXPORT           CPU_IntEn
   42 00000000         
   43 00000000                 EXPORT           CPU_SR_Save
   44 00000000                 EXPORT           CPU_SR_Restore
   45 00000000         
   46 00000000                 EXPORT           CPU_WaitForInt
   47 00000000                 EXPORT           CPU_WaitForExcept
   48 00000000         
   49 00000000         
   50 00000000                 EXPORT           CPU_CntLeadZeros
   51 00000000                 EXPORT           CPU_CntTrailZeros
   52 00000000                 EXPORT           CPU_RevBits
   53 00000000         
   54 00000000         
   55 00000000         ;********************************************************
                       ************************************************
   56 00000000         ;                                      CODE GENERATION DI
                       RECTIVES
   57 00000000         ;********************************************************
                       ************************************************
   58 00000000         
   59 00000000                 AREA             |.text|, CODE, READONLY, ALIGN=2
   60 00000000                 THUMB
   61 00000000                 REQUIRE8
   62 00000000                 PRESERVE8
   63 00000000         
   64 00000000         ;********************************************************
                       ************************************************
   65 00000000         ;                                    DISABLE and ENABLE I
                       NTERRUPTS
   66 00000000         ;
   67 00000000         ; Description: Disable/Enable interrupts.
   68 00000000         ;
   69 00000000         ; Prototypes : void  CPU_IntDis(void);
   70 00000000         ;              void  CPU_IntEn (void);
   71 00000000         ;********************************************************
                       ************************************************
   72 00000000         
   73 00000000         CPU_IntDis
   74 00000000 B672            CPSID            I
   75 00000002 4770            BX               LR
   76 00000004         
   77 00000004         
   78 00000004         CPU_IntEn
   79 00000004 B662            CPSIE            I
   80 00000006 4770            BX               LR
   81 00000008         
   82 00000008         
   83 00000008         ;********************************************************
                       ************************************************
   84 00000008         ;                                      CRITICAL SECTION F
                       UNCTIONS
   85 00000008         ;
   86 00000008         ; Description : Disable/Enable interrupts by preserving t
                       he state of interrupts.  Generally speaking, the
   87 00000008         ;               state of the interrupt disable flag is st



ARM Macro Assembler    Page 3 


                       ored in the local variable 'cpu_sr' & interrupts
   88 00000008         ;               are then disabled ('cpu_sr' is allocated 
                       in all functions that need to disable interrupts).
   89 00000008         ;               The previous interrupt state is restored 
                       by copying 'cpu_sr' into the CPU's status register.
   90 00000008         ;
   91 00000008         ; Prototypes  : CPU_SR  CPU_SR_Save   (void);
   92 00000008         ;               void    CPU_SR_Restore(CPU_SR  cpu_sr);
   93 00000008         ;
   94 00000008         ; Note(s)     : (1) These functions are used in general l
                       ike this :
   95 00000008         ;
   96 00000008         ;                       void  Task (void  *p_arg)
   97 00000008         ;                       {
   98 00000008         ;                           CPU_SR_ALLOC();              
                              /* Allocate storage for CPU status register */
   99 00000008         ;                               :
  100 00000008         ;                               :
  101 00000008         ;                           CPU_CRITICAL_ENTER();        
                              /* cpu_sr = CPU_SR_Save();                  */
  102 00000008         ;                               :
  103 00000008         ;                               :
  104 00000008         ;                           CPU_CRITICAL_EXIT();         
                              /* CPU_SR_Restore(cpu_sr);                  */
  105 00000008         ;                               :
  106 00000008         ;                       }
  107 00000008         ;********************************************************
                       ************************************************
  108 00000008         
  109 00000008         CPU_SR_Save
  110 00000008 F3EF 8010       MRS              R0, PRIMASK ; Set prio int mask 
                                                            to mask all (except 
                                                            faults)
  111 0000000C B672            CPSID            I
  112 0000000E 4770            BX               LR
  113 00000010         
  114 00000010         
  115 00000010         CPU_SR_Restore                       ; See Note #2.
  116 00000010 F380 8810       MSR              PRIMASK, R0
  117 00000014 4770            BX               LR
  118 00000016         
  119 00000016         
  120 00000016         ;********************************************************
                       ************************************************
  121 00000016         ;                                         WAIT FOR INTERR
                       UPT
  122 00000016         ;
  123 00000016         ; Description : Enters sleep state, which will be exited 
                       when an interrupt is received.
  124 00000016         ;
  125 00000016         ; Prototypes  : void  CPU_WaitForInt (void)
  126 00000016         ;
  127 00000016         ; Argument(s) : none.
  128 00000016         ;********************************************************
                       ************************************************
  129 00000016         
  130 00000016         CPU_WaitForInt
  131 00000016 BF30            WFI                          ; Wait for interrupt
                                                            



ARM Macro Assembler    Page 4 


  132 00000018 4770            BX               LR
  133 0000001A         
  134 0000001A         
  135 0000001A         ;********************************************************
                       ************************************************
  136 0000001A         ;                                         WAIT FOR EXCEPT
                       ION
  137 0000001A         ;
  138 0000001A         ; Description : Enters sleep state, which will be exited 
                       when an exception is received.
  139 0000001A         ;
  140 0000001A         ; Prototypes  : void  CPU_WaitForExcept (void)
  141 0000001A         ;
  142 0000001A         ; Argument(s) : none.
  143 0000001A         ;********************************************************
                       ************************************************
  144 0000001A         
  145 0000001A         CPU_WaitForExcept
  146 0000001A BF20            WFE                          ; Wait for exception
                                                            
  147 0000001C 4770            BX               LR
  148 0000001E         
  149 0000001E         
  150 0000001E         ;********************************************************
                       ************************************************
  151 0000001E         ;                                         CPU_CntLeadZero
                       s()
  152 0000001E         ;                                        COUNT LEADING ZE
                       ROS
  153 0000001E         ;
  154 0000001E         ; Description : Counts the number of contiguous, most-sig
                       nificant, leading zero bits before the 
  155 0000001E         ;                   first binary one bit in a data value.
                       
  156 0000001E         ;
  157 0000001E         ; Prototype   : CPU_DATA  CPU_CntLeadZeros(CPU_DATA  val)
                       ;
  158 0000001E         ;
  159 0000001E         ; Argument(s) : val         Data value to count leading z
                       ero bits.
  160 0000001E         ;
  161 0000001E         ; Return(s)   : Number of contiguous, most-significant, l
                       eading zero bits in 'val'.
  162 0000001E         ;
  163 0000001E         ; Caller(s)   : Application.
  164 0000001E         ;
  165 0000001E         ;               This function is an INTERNAL CPU module f
                       unction but MAY be called by application 
  166 0000001E         ;               function(s).
  167 0000001E         ;
  168 0000001E         ; Note(s)     : (1) (a) Supports 32-bit data value size a
                       s configured by 'CPU_DATA' (see 'cpu.h  
  169 0000001E         ;                       CPU WORD CONFIGURATION  Note #1')
                       .
  170 0000001E         ;
  171 0000001E         ;                   (b) For 32-bit values :
  172 0000001E         ;
  173 0000001E         ;                             b31  b30  b29  ...  b04  b0
                       3  b02  b01  b00    # Leading Zeros



ARM Macro Assembler    Page 5 


  174 0000001E         ;                             ---  ---  ---       ---  --
                       -  ---  ---  ---    ---------------
  175 0000001E         ;                              1    x    x         x    x
                           x    x    x            0
  176 0000001E         ;                              0    1    x         x    x
                           x    x    x            1
  177 0000001E         ;                              0    0    1         x    x
                           x    x    x            2
  178 0000001E         ;                              :    :    :         :    :
                           :    :    :            :
  179 0000001E         ;                              :    :    :         :    :
                           :    :    :            :
  180 0000001E         ;                              0    0    0         1    x
                           x    x    x           27
  181 0000001E         ;                              0    0    0         0    1
                           x    x    x           28
  182 0000001E         ;                              0    0    0         0    0
                           1    x    x           29
  183 0000001E         ;                              0    0    0         0    0
                           0    1    x           30
  184 0000001E         ;                              0    0    0         0    0
                           0    0    1           31
  185 0000001E         ;                              0    0    0         0    0
                           0    0    0           32
  186 0000001E         ;
  187 0000001E         ;
  188 0000001E         ;               (2) MUST be defined in 'cpu_a.asm' (or 'c
                       pu_c.c') if CPU_CFG_LEAD_ZEROS_ASM_PRESENT is 
  189 0000001E         ;                   #define'd in 'cpu_cfg.h' or 'cpu.h'.
  190 0000001E         ;********************************************************
                       ************************************************
  191 0000001E         
  192 0000001E         CPU_CntLeadZeros
  193 0000001E FAB0 F080       CLZ              R0, R0      ; Count leading zero
                                                            s
  194 00000022 4770            BX               LR
  195 00000024         
  196 00000024         
  197 00000024         ;********************************************************
                       ************************************************
  198 00000024         ;                                         CPU_CntTrailZer
                       os()
  199 00000024         ;                                        COUNT TRAILING Z
                       EROS
  200 00000024         ;
  201 00000024         ; Description : Counts the number of contiguous, least-si
                       gnificant, trailing zero bits before the 
  202 00000024         ;                   first binary one bit in a data value.
                       
  203 00000024         ;
  204 00000024         ; Prototype   : CPU_DATA  CPU_CntTrailZeros(CPU_DATA  val
                       );
  205 00000024         ;
  206 00000024         ; Argument(s) : val         Data value to count trailing 
                       zero bits.
  207 00000024         ;
  208 00000024         ; Return(s)   : Number of contiguous, least-significant, 
                       trailing zero bits in 'val'.
  209 00000024         ;



ARM Macro Assembler    Page 6 


  210 00000024         ; Caller(s)   : Application.
  211 00000024         ;
  212 00000024         ;               This function is an INTERNAL CPU module f
                       unction but MAY be called by application 
  213 00000024         ;               function(s).
  214 00000024         ;
  215 00000024         ; Note(s)     : (1) (a) Supports 32-bit data value size a
                       s configured by 'CPU_DATA' (see 'cpu.h  
  216 00000024         ;                       CPU WORD CONFIGURATION  Note #1')
                       .
  217 00000024         ;
  218 00000024         ;                   (b) For 32-bit values :
  219 00000024         ;
  220 00000024         ;                             b31  b30  b29  b28  b27  ..
                       .  b02  b01  b00    # Trailing Zeros
  221 00000024         ;                             ---  ---  ---  ---  ---    
                          ---  ---  ---    ----------------
  222 00000024         ;                              x    x    x    x    x     
                           x    x    1            0
  223 00000024         ;                              x    x    x    x    x     
                           x    1    0            1
  224 00000024         ;                              x    x    x    x    x     
                           1    0    0            2
  225 00000024         ;                              :    :    :    :    :     
                           :    :    :            :
  226 00000024         ;                              :    :    :    :    :     
                           :    :    :            :
  227 00000024         ;                              x    x    x    x    1     
                           0    0    0           27
  228 00000024         ;                              x    x    x    1    0     
                           0    0    0           28
  229 00000024         ;                              x    x    1    0    0     
                           0    0    0           29
  230 00000024         ;                              x    1    0    0    0     
                           0    0    0           30
  231 00000024         ;                              1    0    0    0    0     
                           0    0    0           31
  232 00000024         ;                              0    0    0    0    0     
                           0    0    0           32
  233 00000024         ;
  234 00000024         ;
  235 00000024         ;               (2) MUST be defined in 'cpu_a.asm' (or 'c
                       pu_c.c') if CPU_CFG_TRAIL_ZEROS_ASM_PRESENT is 
  236 00000024         ;                   #define'd in 'cpu_cfg.h' or 'cpu.h'.
  237 00000024         ;********************************************************
                       ************************************************
  238 00000024         
  239 00000024         CPU_CntTrailZeros
  240 00000024 FA90 F0A0       RBIT             R0, R0      ; Reverse bits
  241 00000028 FAB0 F080       CLZ              R0, R0      ; Count trailing zer
                                                            os
  242 0000002C 4770            BX               LR
  243 0000002E         
  244 0000002E         
  245 0000002E         ;********************************************************
                       ************************************************
  246 0000002E         ;                                            CPU_RevBits(
                       )
  247 0000002E         ;                                            REVERSE BITS



ARM Macro Assembler    Page 7 


                       
  248 0000002E         ;
  249 0000002E         ; Description : Reverses the bits in a data value.
  250 0000002E         ;
  251 0000002E         ; Prototypes  : CPU_DATA  CPU_RevBits(CPU_DATA  val);
  252 0000002E         ;
  253 0000002E         ; Argument(s) : val         Data value to reverse bits.
  254 0000002E         ;
  255 0000002E         ; Return(s)   : Value with all bits in 'val' reversed (se
                       e Note #1).
  256 0000002E         ;
  257 0000002E         ; Caller(s)   : Application.
  258 0000002E         ;
  259 0000002E         ;               This function is an INTERNAL CPU module f
                       unction but MAY be called by application function(s).
  260 0000002E         ;
  261 0000002E         ; Note(s)     : (1) The final, reversed data value for 'v
                       al' is such that :
  262 0000002E         ;
  263 0000002E         ;                       'val's final bit  0       =  'val
                       's original bit  N
  264 0000002E         ;                       'val's final bit  1       =  'val
                       's original bit (N - 1)
  265 0000002E         ;                       'val's final bit  2       =  'val
                       's original bit (N - 2)
  266 0000002E         ;
  267 0000002E         ;                               ...                      
                            ...
  268 0000002E         ;
  269 0000002E         ;                       'val's final bit (N - 2)  =  'val
                       's original bit  2
  270 0000002E         ;                       'val's final bit (N - 1)  =  'val
                       's original bit  1
  271 0000002E         ;                       'val's final bit  N       =  'val
                       's original bit  0
  272 0000002E         ;********************************************************
                       ************************************************
  273 0000002E         
  274 0000002E         CPU_RevBits
  275 0000002E FA90 F0A0       RBIT             R0, R0      ; Reverse bits
  276 00000032 4770            BX               LR
  277 00000034         
  278 00000034         
  279 00000034         ;********************************************************
                       ************************************************
  280 00000034         ;                                     CPU ASSEMBLY PORT F
                       ILE END
  281 00000034         ;********************************************************
                       ************************************************
  282 00000034         
  283 00000034                 END
Command Line: --debug --xref --width=80 --diag_suppress=9931 --cpu=Cortex-M3 --a
pcs=interwork --depend=.\output\cpu_a.d -o.\output\cpu_a.o -I.\RTE\Device\STM32F
103VE -I.\RTE\_Tracker_AI_DC_IAP_V024 -IC:\Keil_v5\ARM\PACK\ARM\CMSIS\5.6.0\CMSI
S\Core\Include -IC:\Keil_v5\ARM\PACK\Keil\STM32F1xx_DFP\2.3.0\Device\Include -IC
:\Keil_v5\ARM\PACK\Keil\STM32F1xx_DFP\2.3.0\Device\StdPeriph_Driver\inc --predef
ine="__UVISION_VERSION SETA 529" --predefine="_RTE_ SETA 1" --predefine="STM32F1
0X_HD SETA 1" --list=.\listings\cpu_a.lst ..\uCOS-III\uC-CPU\cpu_a.asm



ARM Macro Assembler    Page 1 Alphabetic symbol ordering
Relocatable symbols

.text 00000000

Symbol: .text
   Definitions
      At line 59 in file ..\uCOS-III\uC-CPU\cpu_a.asm
   Uses
      None
Comment: .text unused
CPU_CntLeadZeros 0000001E

Symbol: CPU_CntLeadZeros
   Definitions
      At line 192 in file ..\uCOS-III\uC-CPU\cpu_a.asm
   Uses
      At line 50 in file ..\uCOS-III\uC-CPU\cpu_a.asm
Comment: CPU_CntLeadZeros used once
CPU_CntTrailZeros 00000024

Symbol: CPU_CntTrailZeros
   Definitions
      At line 239 in file ..\uCOS-III\uC-CPU\cpu_a.asm
   Uses
      At line 51 in file ..\uCOS-III\uC-CPU\cpu_a.asm
Comment: CPU_CntTrailZeros used once
CPU_IntDis 00000000

Symbol: CPU_IntDis
   Definitions
      At line 73 in file ..\uCOS-III\uC-CPU\cpu_a.asm
   Uses
      At line 40 in file ..\uCOS-III\uC-CPU\cpu_a.asm
Comment: CPU_IntDis used once
CPU_IntEn 00000004

Symbol: CPU_IntEn
   Definitions
      At line 78 in file ..\uCOS-III\uC-CPU\cpu_a.asm
   Uses
      At line 41 in file ..\uCOS-III\uC-CPU\cpu_a.asm
Comment: CPU_IntEn used once
CPU_RevBits 0000002E

Symbol: CPU_RevBits
   Definitions
      At line 274 in file ..\uCOS-III\uC-CPU\cpu_a.asm
   Uses
      At line 52 in file ..\uCOS-III\uC-CPU\cpu_a.asm
Comment: CPU_RevBits used once
CPU_SR_Restore 00000010

Symbol: CPU_SR_Restore
   Definitions
      At line 115 in file ..\uCOS-III\uC-CPU\cpu_a.asm
   Uses
      At line 44 in file ..\uCOS-III\uC-CPU\cpu_a.asm
Comment: CPU_SR_Restore used once
CPU_SR_Save 00000008

Symbol: CPU_SR_Save



ARM Macro Assembler    Page 2 Alphabetic symbol ordering
Relocatable symbols

   Definitions
      At line 109 in file ..\uCOS-III\uC-CPU\cpu_a.asm
   Uses
      At line 43 in file ..\uCOS-III\uC-CPU\cpu_a.asm
Comment: CPU_SR_Save used once
CPU_WaitForExcept 0000001A

Symbol: CPU_WaitForExcept
   Definitions
      At line 145 in file ..\uCOS-III\uC-CPU\cpu_a.asm
   Uses
      At line 47 in file ..\uCOS-III\uC-CPU\cpu_a.asm
Comment: CPU_WaitForExcept used once
CPU_WaitForInt 00000016

Symbol: CPU_WaitForInt
   Definitions
      At line 130 in file ..\uCOS-III\uC-CPU\cpu_a.asm
   Uses
      At line 46 in file ..\uCOS-III\uC-CPU\cpu_a.asm
Comment: CPU_WaitForInt used once
10 symbols
343 symbols in table
